Using pre-set license
Built from '2022.1/staging' branch; Version is '2022.1.16f1 (7321c9670bc2) revision 7545289'; Using compiler version '192829333'; Build Type 'Release'
OS: 'Windows 10  (10.0.19044) 64bit Professional' Language: 'ru' Physical Memory: 16334 MB
BatchMode: 1, IsHumanControllingUs: 0, StartBugReporterOnCrash: 0, Is64bit: 1, IsPro: 1

COMMAND LINE ARGUMENTS:
F:\UnityEditor\2022.1.16f1\Editor\Unity.exe
-adb2
-batchMode
-noUpm
-name
AssetImportWorker0
-projectPath
C:/Users/Владимир/Hero Born
-logFile
Logs/AssetImportWorker0.log
-srvPort
59033
Successfully changed project path to: C:/Users/Владимир/Hero Born
C:/Users/Владимир/Hero Born
[UnityMemory] Configuration Parameters - Can be set up in boot.config
    "memorysetup-bucket-allocator-granularity=16"
    "memorysetup-bucket-allocator-bucket-count=8"
    "memorysetup-bucket-allocator-block-size=33554432"
    "memorysetup-bucket-allocator-block-count=8"
    "memorysetup-main-allocator-block-size=16777216"
    "memorysetup-thread-allocator-block-size=16777216"
    "memorysetup-gfx-main-allocator-block-size=16777216"
    "memorysetup-gfx-thread-allocator-block-size=16777216"
    "memorysetup-cache-allocator-block-size=4194304"
    "memorysetup-typetree-allocator-block-size=2097152"
    "memorysetup-profiler-bucket-allocator-granularity=16"
    "memorysetup-profiler-bucket-allocator-bucket-count=8"
    "memorysetup-profiler-bucket-allocator-block-size=33554432"
    "memorysetup-profiler-bucket-allocator-block-count=8"
    "memorysetup-profiler-allocator-block-size=16777216"
    "memorysetup-profiler-editor-allocator-block-size=1048576"
    "memorysetup-temp-allocator-size-main=16777216"
    "memorysetup-job-temp-allocator-block-size=2097152"
    "memorysetup-job-temp-allocator-block-size-background=1048576"
    "memorysetup-job-temp-allocator-reduction-small-platforms=262144"
    "memorysetup-temp-allocator-size-background-worker=32768"
    "memorysetup-temp-allocator-size-job-worker=262144"
    "memorysetup-temp-allocator-size-preload-manager=33554432"
    "memorysetup-temp-allocator-size-nav-mesh-worker=65536"
    "memorysetup-temp-allocator-size-audio-worker=65536"
    "memorysetup-temp-allocator-size-cloud-worker=32768"
    "memorysetup-temp-allocator-size-gi-baking-worker=262144"
    "memorysetup-temp-allocator-size-gfx=262144"
Refreshing native plugins compatible for Editor in 100.36 ms, found 3 plugins.
Preloading 0 native plugins for Editor in 0.00 ms.
Initialize engine version: 2022.1.16f1 (7321c9670bc2)
[Subsystems] Discovering subsystems at path F:/UnityEditor/2022.1.16f1/Editor/Data/Resources/UnitySubsystems
[Subsystems] Discovering subsystems at path C:/Users/Владимир/Hero Born/Assets
GfxDevice: creating device client; threaded=0; jobified=0
Direct3D:
    Version:  Direct3D 11.0 [level 11.1]
    Renderer: Radeon RX 590 Series (ID=0x67df)
    Vendor:   ATI
    VRAM:     8170 MB
    Driver:   31.0.12015.1008
Initialize mono
Mono path[0] = 'F:/UnityEditor/2022.1.16f1/Editor/Data/Managed'
Mono path[1] = 'F:/UnityEditor/2022.1.16f1/Editor/Data/MonoBleedingEdge/lib/mono/unityjit-win32'
Mono config path = 'F:/UnityEditor/2022.1.16f1/Editor/Data/MonoBleedingEdge/etc'
Using monoOptions --debugger-agent=transport=dt_socket,embedding=1,server=y,suspend=n,address=127.0.0.1:56648
Begin MonoManager ReloadAssembly
Registering precompiled unity dll's ...
Register platform support module: F:/UnityEditor/2022.1.16f1/Editor/Data/PlaybackEngines/AndroidPlayer/UnityEditor.Android.Extensions.dll
Register platform support module: F:/UnityEditor/2022.1.16f1/Editor/Data/PlaybackEngines/WindowsStandaloneSupport/UnityEditor.WindowsStandalone.Extensions.dll
Registered in 0.004940 seconds.
Native extension for WindowsStandalone target not found
Native extension for Android target not found
Refreshing native plugins compatible for Editor in 96.76 ms, found 3 plugins.
Preloading 0 native plugins for Editor in 0.00 ms.
Mono: successfully reloaded assembly
- Completed reload, in  0.894 seconds
Domain Reload Profiling:
	ReloadAssembly (895ms)
		BeginReloadAssembly (95ms)
			ExecutionOrderSort (0ms)
			DisableScriptedObjects (0ms)
			BackupInstance (0ms)
			ReleaseScriptingObjects (0ms)
			CreateAndSetChildDomain (1ms)
		EndReloadAssembly (668ms)
			LoadAssemblies (95ms)
			RebuildTransferFunctionScriptingTraits (0ms)
			SetupTypeCache (157ms)
				TypeCache.Initialize (156ms)
					TypeCache.ScanAssembly (154ms)
				ResolveRequiredComponents (1ms)
			ReleaseScriptCaches (0ms)
			RebuildScriptCaches (46ms)
			SetupLoadedEditorAssemblies (398ms)
				LogAssemblyErrors (0ms)
				InitializePlatformSupportModulesInManaged (78ms)
				SetLoadedEditorAssemblies (13ms)
				RefreshPlugins (97ms)
				BeforeProcessingInitializeOnLoad (2ms)
				ProcessInitializeOnLoadAttributes (150ms)
				ProcessInitializeOnLoadMethodAttributes (59ms)
				AfterProcessingInitializeOnLoad (0ms)
				EditorAssembliesLoaded (0ms)
			ExecutionOrderSort2 (0ms)
			AwakeInstancesAfterBackupRestoration (0ms)
Platform modules already initialized, skipping
Registering precompiled user dll's ...
Registered in 0.008827 seconds.
Begin MonoManager ReloadAssembly
Symbol file LoadedFromMemory doesn't match image C:\Users\Владимир\Hero Born\Library\PackageCache\com.unity.visualscripting@1.7.8\Editor\VisualScripting.Core\Dependencies\YamlDotNet\Unity.VisualScripting.YamlDotNet.dll
Symbol file LoadedFromMemory doesn't match image C:\Users\Владимир\Hero Born\Library\PackageCache\com.unity.visualscripting@1.7.8\Editor\VisualScripting.Core\Dependencies\DotNetZip\Unity.VisualScripting.IonicZip.dll
Native extension for WindowsStandalone target not found
Native extension for Android target not found
Refreshing native plugins compatible for Editor in 0.82 ms, found 3 plugins.
Preloading 0 native plugins for Editor in 0.00 ms.
Mono: successfully reloaded assembly
- Completed reload, in  1.438 seconds
Domain Reload Profiling:
	ReloadAssembly (1439ms)
		BeginReloadAssembly (260ms)
			ExecutionOrderSort (0ms)
			DisableScriptedObjects (7ms)
			BackupInstance (0ms)
			ReleaseScriptingObjects (0ms)
			CreateAndSetChildDomain (128ms)
		EndReloadAssembly (1031ms)
			LoadAssemblies (105ms)
			RebuildTransferFunctionScriptingTraits (0ms)
			SetupTypeCache (348ms)
				TypeCache.Initialize (343ms)
					TypeCache.ScanAssembly (337ms)
				ResolveRequiredComponents (5ms)
			ReleaseScriptCaches (1ms)
			RebuildScriptCaches (62ms)
			SetupLoadedEditorAssemblies (457ms)
				LogAssemblyErrors (0ms)
				InitializePlatformSupportModulesInManaged (16ms)
				SetLoadedEditorAssemblies (8ms)
				RefreshPlugins (1ms)
				BeforeProcessingInitializeOnLoad (101ms)
				ProcessInitializeOnLoadAttributes (290ms)
				ProcessInitializeOnLoadMethodAttributes (37ms)
				AfterProcessingInitializeOnLoad (4ms)
				EditorAssembliesLoaded (0ms)
			ExecutionOrderSort2 (0ms)
			AwakeInstancesAfterBackupRestoration (8ms)
Platform modules already initialized, skipping
========================================================================
Worker process is ready to serve import requests
Launched and connected shader compiler UnityShaderCompiler.exe after 0.07 seconds
Refreshing native plugins compatible for Editor in 0.96 ms, found 3 plugins.
Preloading 0 native plugins for Editor in 0.00 ms.
Unloading 3402 Unused Serialized files (Serialized files now loaded: 0)
Unloading 26 unused Assets / (58.2 KB). Loaded Objects now: 3864.
Memory consumption went from 0.51 GB to 0.51 GB.
Total: 4.524500 ms (FindLiveObjects: 0.368800 ms CreateObjectMapping: 0.120700 ms MarkObjects: 3.926500 ms  DeleteObjects: 0.107000 ms)

AssetImportParameters requested are different than current active one (requested -> active):
  custom:video-decoder-ogg-theora: a1e56fd34408186e4bbccfd4996cb3dc -> 
  custom:container-muxer-webm: aa71ff27fc2769a1b78a27578f13a17b -> 
  custom:container-demuxer-webm: 4f35f7cbe854078d1ac9338744f61a02 -> 
  custom:video-encoder-webm-vp8: eb34c28f22e8b96e1ab97ce403110664 -> 
  custom:audio-encoder-webm-vorbis: bf7c407c2cedff20999df2af8eb42d56 -> 
  custom:framework-win-MediaFoundation: 216162199b28c13a410421893ffa2e32 -> 
  custom:container-demuxer-ogg: 62fdf1f143b41e24485cea50d1cbac27 -> 
  custom:video-decoder-webm-vp8: 9c59270c3fd7afecdb556c50c9e8de78 -> 
  custom:audio-decoder-ogg-vorbis: bf7c407c2cedff20999df2af8eb42d56 -> 
========================================================================
Received Import Request.
  Time since last request: 615176.776601 seconds.
  path: Assets/Sript/Player.cs
  artifactKey: Guid(3fd573e1bacdd6b46b8fa6f17fd6c25c) Importer(815301076,1909f56bfc062723c751e8b465ee728b)
Start importing Assets/Sript/Player.cs using Guid(3fd573e1bacdd6b46b8fa6f17fd6c25c) Importer(815301076,1909f56bfc062723c751e8b465ee728b)  -> (artifact id: 'd0144255b03758f25fba278c209f32d8') in 0.124019 seconds 
========================================================================
Received Prepare
Registering precompiled user dll's ...
Registered in 0.008061 seconds.
Begin MonoManager ReloadAssembly
Symbol file LoadedFromMemory doesn't match image C:\Users\Владимир\Hero Born\Library\PackageCache\com.unity.visualscripting@1.7.8\Editor\VisualScripting.Core\Dependencies\YamlDotNet\Unity.VisualScripting.YamlDotNet.dll
Symbol file LoadedFromMemory doesn't match image C:\Users\Владимир\Hero Born\Library\PackageCache\com.unity.visualscripting@1.7.8\Editor\VisualScripting.Core\Dependencies\DotNetZip\Unity.VisualScripting.IonicZip.dll
Native extension for WindowsStandalone target not found
Native extension for Android target not found
Refreshing native plugins compatible for Editor in 0.83 ms, found 3 plugins.
Preloading 0 native plugins for Editor in 0.00 ms.
Mono: successfully reloaded assembly
- Completed reload, in  1.393 seconds
Domain Reload Profiling:
	ReloadAssembly (1394ms)
		BeginReloadAssembly (154ms)
			ExecutionOrderSort (0ms)
			DisableScriptedObjects (8ms)
			BackupInstance (0ms)
			ReleaseScriptingObjects (0ms)
			CreateAndSetChildDomain (40ms)
		EndReloadAssembly (1118ms)
			LoadAssemblies (106ms)
			RebuildTransferFunctionScriptingTraits (0ms)
			SetupTypeCache (393ms)
				TypeCache.Initialize (387ms)
					TypeCache.ScanAssembly (379ms)
				ResolveRequiredComponents (6ms)
			ReleaseScriptCaches (1ms)
			RebuildScriptCaches (63ms)
			SetupLoadedEditorAssemblies (475ms)
				LogAssemblyErrors (0ms)
				InitializePlatformSupportModulesInManaged (31ms)
				SetLoadedEditorAssemblies (12ms)
				RefreshPlugins (1ms)
				BeforeProcessingInitializeOnLoad (83ms)
				ProcessInitializeOnLoadAttributes (301ms)
				ProcessInitializeOnLoadMethodAttributes (42ms)
				AfterProcessingInitializeOnLoad (5ms)
				EditorAssembliesLoaded (0ms)
			ExecutionOrderSort2 (0ms)
			AwakeInstancesAfterBackupRestoration (12ms)
Platform modules already initialized, skipping
Refreshing native plugins compatible for Editor in 2.26 ms, found 3 plugins.
Preloading 0 native plugins for Editor in 0.00 ms.
Unloading 3395 Unused Serialized files (Serialized files now loaded: 0)
Unloading 19 unused Assets / (25.4 KB). Loaded Objects now: 3867.
Memory consumption went from 0.51 GB to 0.51 GB.
Total: 4.929500 ms (FindLiveObjects: 0.339100 ms CreateObjectMapping: 0.093700 ms MarkObjects: 4.452700 ms  DeleteObjects: 0.042400 ms)

AssetImportParameters requested are different than current active one (requested -> active):
  custom:video-decoder-ogg-theora: a1e56fd34408186e4bbccfd4996cb3dc -> 
  custom:container-muxer-webm: aa71ff27fc2769a1b78a27578f13a17b -> 
  custom:container-demuxer-webm: 4f35f7cbe854078d1ac9338744f61a02 -> 
  custom:video-encoder-webm-vp8: eb34c28f22e8b96e1ab97ce403110664 -> 
  custom:audio-encoder-webm-vorbis: bf7c407c2cedff20999df2af8eb42d56 -> 
  custom:framework-win-MediaFoundation: 216162199b28c13a410421893ffa2e32 -> 
  custom:container-demuxer-ogg: 62fdf1f143b41e24485cea50d1cbac27 -> 
  custom:video-decoder-webm-vp8: 9c59270c3fd7afecdb556c50c9e8de78 -> 
  custom:audio-decoder-ogg-vorbis: bf7c407c2cedff20999df2af8eb42d56 -> 
========================================================================
Received Prepare
Registering precompiled user dll's ...
Registered in 0.009172 seconds.
Begin MonoManager ReloadAssembly
Symbol file LoadedFromMemory doesn't match image C:\Users\Владимир\Hero Born\Library\PackageCache\com.unity.visualscripting@1.7.8\Editor\VisualScripting.Core\Dependencies\YamlDotNet\Unity.VisualScripting.YamlDotNet.dll
Symbol file LoadedFromMemory doesn't match image C:\Users\Владимир\Hero Born\Library\PackageCache\com.unity.visualscripting@1.7.8\Editor\VisualScripting.Core\Dependencies\DotNetZip\Unity.VisualScripting.IonicZip.dll
Native extension for WindowsStandalone target not found
Native extension for Android target not found
Refreshing native plugins compatible for Editor in 0.69 ms, found 3 plugins.
Preloading 0 native plugins for Editor in 0.00 ms.
Mono: successfully reloaded assembly
- Completed reload, in  1.200 seconds
Domain Reload Profiling:
	ReloadAssembly (1201ms)
		BeginReloadAssembly (150ms)
			ExecutionOrderSort (0ms)
			DisableScriptedObjects (7ms)
			BackupInstance (0ms)
			ReleaseScriptingObjects (0ms)
			CreateAndSetChildDomain (40ms)
		EndReloadAssembly (934ms)
			LoadAssemblies (102ms)
			RebuildTransferFunctionScriptingTraits (0ms)
			SetupTypeCache (318ms)
				TypeCache.Initialize (313ms)
					TypeCache.ScanAssembly (305ms)
				ResolveRequiredComponents (5ms)
			ReleaseScriptCaches (1ms)
			RebuildScriptCaches (51ms)
			SetupLoadedEditorAssemblies (399ms)
				LogAssemblyErrors (0ms)
				InitializePlatformSupportModulesInManaged (26ms)
				SetLoadedEditorAssemblies (9ms)
				RefreshPlugins (1ms)
				BeforeProcessingInitializeOnLoad (75ms)
				ProcessInitializeOnLoadAttributes (251ms)
				ProcessInitializeOnLoadMethodAttributes (33ms)
				AfterProcessingInitializeOnLoad (4ms)
				EditorAssembliesLoaded (0ms)
			ExecutionOrderSort2 (0ms)
			AwakeInstancesAfterBackupRestoration (8ms)
Platform modules already initialized, skipping
Refreshing native plugins compatible for Editor in 2.54 ms, found 3 plugins.
Preloading 0 native plugins for Editor in 0.00 ms.
Unloading 3396 Unused Serialized files (Serialized files now loaded: 0)
Unloading 19 unused Assets / (32.6 KB). Loaded Objects now: 3870.
Memory consumption went from 0.51 GB to 0.51 GB.
Total: 3.929200 ms (FindLiveObjects: 0.358500 ms CreateObjectMapping: 0.154000 ms MarkObjects: 3.353100 ms  DeleteObjects: 0.062600 ms)

AssetImportParameters requested are different than current active one (requested -> active):
  custom:video-decoder-ogg-theora: a1e56fd34408186e4bbccfd4996cb3dc -> 
  custom:container-muxer-webm: aa71ff27fc2769a1b78a27578f13a17b -> 
  custom:container-demuxer-webm: 4f35f7cbe854078d1ac9338744f61a02 -> 
  custom:video-encoder-webm-vp8: eb34c28f22e8b96e1ab97ce403110664 -> 
  custom:audio-encoder-webm-vorbis: bf7c407c2cedff20999df2af8eb42d56 -> 
  custom:framework-win-MediaFoundation: 216162199b28c13a410421893ffa2e32 -> 
  custom:container-demuxer-ogg: 62fdf1f143b41e24485cea50d1cbac27 -> 
  custom:video-decoder-webm-vp8: 9c59270c3fd7afecdb556c50c9e8de78 -> 
  custom:audio-decoder-ogg-vorbis: bf7c407c2cedff20999df2af8eb42d56 -> 
========================================================================
Received Import Request.
  Time since last request: 310.261345 seconds.
  path: Assets/New Folder
  artifactKey: Guid(dfdcaf01446c35e4a95d89a8ce780aa5) Importer(815301076,1909f56bfc062723c751e8b465ee728b)
Start importing Assets/New Folder using Guid(dfdcaf01446c35e4a95d89a8ce780aa5) Importer(815301076,1909f56bfc062723c751e8b465ee728b)  -> (artifact id: 'b728cbf8eb3289fd11a70c89f23f2555') in 0.007872 seconds 
========================================================================
Received Import Request.
  Time since last request: 11.162028 seconds.
  path: Assets/Psy
  artifactKey: Guid(dfdcaf01446c35e4a95d89a8ce780aa5) Importer(815301076,1909f56bfc062723c751e8b465ee728b)
Start importing Assets/Psy using Guid(dfdcaf01446c35e4a95d89a8ce780aa5) Importer(815301076,1909f56bfc062723c751e8b465ee728b)  -> (artifact id: '21337a77b1e607d143f66e3df4d0f39f') in 0.007719 seconds 
========================================================================
Received Import Request.
  Time since last request: 11.801525 seconds.
  path: Assets/Physics Materials
  artifactKey: Guid(dfdcaf01446c35e4a95d89a8ce780aa5) Importer(815301076,1909f56bfc062723c751e8b465ee728b)
Start importing Assets/Physics Materials using Guid(dfdcaf01446c35e4a95d89a8ce780aa5) Importer(815301076,1909f56bfc062723c751e8b465ee728b)  -> (artifact id: '83c8390b913fa9531adeb8e0c79bc5fe') in 0.006776 seconds 
========================================================================
Received Import Request.
  Time since last request: 25.528841 seconds.
  path: Assets/Physics Materials/New Physic Material.physicMaterial
  artifactKey: Guid(0893bb6dab2a43d4b9780fcef945ea02) Importer(815301076,1909f56bfc062723c751e8b465ee728b)
Start importing Assets/Physics Materials/New Physic Material.physicMaterial using Guid(0893bb6dab2a43d4b9780fcef945ea02) Importer(815301076,1909f56bfc062723c751e8b465ee728b)  -> (artifact id: 'af1a11f5da9a0769a5a3b2ab01df1bea') in 0.024921 seconds 
========================================================================
Received Import Request.
  Time since last request: 30.821653 seconds.
  path: Assets/Physics Materials/New Physics Material 2D.physicsMaterial2D
  artifactKey: Guid(aed43babbbb728c4dacc640ed4664f40) Importer(815301076,1909f56bfc062723c751e8b465ee728b)
Start importing Assets/Physics Materials/New Physics Material 2D.physicsMaterial2D using Guid(aed43babbbb728c4dacc640ed4664f40) Importer(815301076,1909f56bfc062723c751e8b465ee728b)  -> (artifact id: 'fabb9e1cedf1ce1452fc7ff87b419156') in 0.009236 seconds 
========================================================================
Received Import Request.
  Time since last request: 7.479589 seconds.
  path: Assets/Physics Materials/Player.physicsMaterial2D
  artifactKey: Guid(aed43babbbb728c4dacc640ed4664f40) Importer(815301076,1909f56bfc062723c751e8b465ee728b)
Start importing Assets/Physics Materials/Player.physicsMaterial2D using Guid(aed43babbbb728c4dacc640ed4664f40) Importer(815301076,1909f56bfc062723c751e8b465ee728b)  -> (artifact id: '6799497f4770a455f61dae8612011be1') in 0.002862 seconds 
========================================================================
Received Import Request.
  Time since last request: 20.915657 seconds.
  path: Assets/Physics Materials/Player.physicsMaterial2D
  artifactKey: Guid(aed43babbbb728c4dacc640ed4664f40) Importer(815301076,1909f56bfc062723c751e8b465ee728b)
Start importing Assets/Physics Materials/Player.physicsMaterial2D using Guid(aed43babbbb728c4dacc640ed4664f40) Importer(815301076,1909f56bfc062723c751e8b465ee728b)  -> (artifact id: 'a67e364b295994fa43b1cecaadd98eca') in 0.002778 seconds 
========================================================================
Received Prepare
Registering precompiled user dll's ...
Registered in 0.008705 seconds.
Begin MonoManager ReloadAssembly
Symbol file LoadedFromMemory doesn't match image C:\Users\Владимир\Hero Born\Library\PackageCache\com.unity.visualscripting@1.7.8\Editor\VisualScripting.Core\Dependencies\YamlDotNet\Unity.VisualScripting.YamlDotNet.dll
Symbol file LoadedFromMemory doesn't match image C:\Users\Владимир\Hero Born\Library\PackageCache\com.unity.visualscripting@1.7.8\Editor\VisualScripting.Core\Dependencies\DotNetZip\Unity.VisualScripting.IonicZip.dll
Native extension for WindowsStandalone target not found
Native extension for Android target not found
Refreshing native plugins compatible for Editor in 0.73 ms, found 3 plugins.
Preloading 0 native plugins for Editor in 0.00 ms.
Mono: successfully reloaded assembly
- Completed reload, in  1.199 seconds
Domain Reload Profiling:
	ReloadAssembly (1200ms)
		BeginReloadAssembly (152ms)
			ExecutionOrderSort (0ms)
			DisableScriptedObjects (7ms)
			BackupInstance (0ms)
			ReleaseScriptingObjects (0ms)
			CreateAndSetChildDomain (41ms)
		EndReloadAssembly (930ms)
			LoadAssemblies (101ms)
			RebuildTransferFunctionScriptingTraits (0ms)
			SetupTypeCache (321ms)
				TypeCache.Initialize (316ms)
					TypeCache.ScanAssembly (309ms)
				ResolveRequiredComponents (5ms)
			ReleaseScriptCaches (1ms)
			RebuildScriptCaches (48ms)
			SetupLoadedEditorAssemblies (397ms)
				LogAssemblyErrors (0ms)
				InitializePlatformSupportModulesInManaged (26ms)
				SetLoadedEditorAssemblies (8ms)
				RefreshPlugins (1ms)
				BeforeProcessingInitializeOnLoad (75ms)
				ProcessInitializeOnLoadAttributes (250ms)
				ProcessInitializeOnLoadMethodAttributes (33ms)
				AfterProcessingInitializeOnLoad (4ms)
				EditorAssembliesLoaded (0ms)
			ExecutionOrderSort2 (0ms)
			AwakeInstancesAfterBackupRestoration (8ms)
Platform modules already initialized, skipping
Refreshing native plugins compatible for Editor in 2.30 ms, found 3 plugins.
Preloading 0 native plugins for Editor in 0.00 ms.
Unloading 3395 Unused Serialized files (Serialized files now loaded: 0)
Unloading 19 unused Assets / (25.5 KB). Loaded Objects now: 3874.
Memory consumption went from 0.51 GB to 0.51 GB.
Total: 3.841500 ms (FindLiveObjects: 0.306800 ms CreateObjectMapping: 0.093000 ms MarkObjects: 3.408000 ms  DeleteObjects: 0.032700 ms)

AssetImportParameters requested are different than current active one (requested -> active):
  custom:video-decoder-ogg-theora: a1e56fd34408186e4bbccfd4996cb3dc -> 
  custom:container-muxer-webm: aa71ff27fc2769a1b78a27578f13a17b -> 
  custom:container-demuxer-webm: 4f35f7cbe854078d1ac9338744f61a02 -> 
  custom:video-encoder-webm-vp8: eb34c28f22e8b96e1ab97ce403110664 -> 
  custom:audio-encoder-webm-vorbis: bf7c407c2cedff20999df2af8eb42d56 -> 
  custom:framework-win-MediaFoundation: 216162199b28c13a410421893ffa2e32 -> 
  custom:container-demuxer-ogg: 62fdf1f143b41e24485cea50d1cbac27 -> 
  custom:video-decoder-webm-vp8: 9c59270c3fd7afecdb556c50c9e8de78 -> 
  custom:audio-decoder-ogg-vorbis: bf7c407c2cedff20999df2af8eb42d56 -> 
========================================================================
Received Import Request.
  Time since last request: 124.592213 seconds.
  path: Assets/Scenes/platformer-pack-redux-360-assets/PNG/Particles
  artifactKey: Guid(c5b31bdbc52c9ff469e98e9a3a513a7d) Importer(815301076,1909f56bfc062723c751e8b465ee728b)
Start importing Assets/Scenes/platformer-pack-redux-360-assets/PNG/Particles using Guid(c5b31bdbc52c9ff469e98e9a3a513a7d) Importer(815301076,1909f56bfc062723c751e8b465ee728b)  -> (artifact id: '26f8f8851952c05e0ef9241b3ed9bf3e') in 0.008910 seconds 
========================================================================
Received Import Request.
  Time since last request: 1.603985 seconds.
  path: Assets/Scenes/platformer-pack-redux-360-assets/PNG/Enemies
  artifactKey: Guid(4dcfa073a974d634da4ac36e485fb952) Importer(815301076,1909f56bfc062723c751e8b465ee728b)
Start importing Assets/Scenes/platformer-pack-redux-360-assets/PNG/Enemies using Guid(4dcfa073a974d634da4ac36e485fb952) Importer(815301076,1909f56bfc062723c751e8b465ee728b)  -> (artifact id: '25afc0c2e7fa8117636dd2320aac14f5') in 0.007365 seconds 
========================================================================
Received Import Request.
  Time since last request: 0.074094 seconds.
  path: Assets/Scenes/platformer-pack-redux-360-assets/PNG/Enemies/barnacle.png
  artifactKey: Guid(489a5678bb5be1e4fa255ec87b181920) Importer(815301076,1909f56bfc062723c751e8b465ee728b)
Start importing Assets/Scenes/platformer-pack-redux-360-assets/PNG/Enemies/barnacle.png using Guid(489a5678bb5be1e4fa255ec87b181920) Importer(815301076,1909f56bfc062723c751e8b465ee728b)  -> (artifact id: 'e84e69543edae741471ce5c2cdb21c7c') in 0.109994 seconds 
========================================================================
Received Import Request.
  Time since last request: 0.000027 seconds.
  path: Assets/Scenes/platformer-pack-redux-360-assets/PNG/Enemies/fishGreen_move.png
  artifactKey: Guid(d535eb355cf047e4b8bdc1bb52fa3c94) Importer(815301076,1909f56bfc062723c751e8b465ee728b)
Start importing Assets/Scenes/platformer-pack-redux-360-assets/PNG/Enemies/fishGreen_move.png using Guid(d535eb355cf047e4b8bdc1bb52fa3c94) Importer(815301076,1909f56bfc062723c751e8b465ee728b)  -> (artifact id: '19abf087ac0244e60063920225c20d4b') in 0.015892 seconds 
========================================================================
Received Import Request.
  Time since last request: 0.000035 seconds.
  path: Assets/Scenes/platformer-pack-redux-360-assets/PNG/Enemies/fly.png
  artifactKey: Guid(87537b02ee9ee8c4585eb785dcc72a70) Importer(815301076,1909f56bfc062723c751e8b465ee728b)
Start importing Assets/Scenes/platformer-pack-redux-360-assets/PNG/Enemies/fly.png using Guid(87537b02ee9ee8c4585eb785dcc72a70) Importer(815301076,1909f56bfc062723c751e8b465ee728b)  -> (artifact id: '4686dac3eed4fd7a7357f9f097b9b27a') in 0.013879 seconds 
========================================================================
Received Import Request.
  Time since last request: 0.000023 seconds.
  path: Assets/Scenes/platformer-pack-redux-360-assets/PNG/Enemies/fishPink.png
  artifactKey: Guid(3fcc4b098dd59e749ac5e857bd4be6d7) Importer(815301076,1909f56bfc062723c751e8b465ee728b)
Start importing Assets/Scenes/platformer-pack-redux-360-assets/PNG/Enemies/fishPink.png using Guid(3fcc4b098dd59e749ac5e857bd4be6d7) Importer(815301076,1909f56bfc062723c751e8b465ee728b)  -> (artifact id: '41b1f876bd1160ef7b7bbedc0ed7b7f4') in 0.014023 seconds 
========================================================================
Received Import Request.
  Time since last request: 0.000024 seconds.
  path: Assets/Scenes/platformer-pack-redux-360-assets/PNG/Enemies/bee_dead.png
  artifactKey: Guid(9873af0f480bae94b860a5352f090c0d) Importer(815301076,1909f56bfc062723c751e8b465ee728b)
Start importing Assets/Scenes/platformer-pack-redux-360-assets/PNG/Enemies/bee_dead.png using Guid(9873af0f480bae94b860a5352f090c0d) Importer(815301076,1909f56bfc062723c751e8b465ee728b)  -> (artifact id: '70862cb8423a8e331587917117309839') in 0.016796 seconds 
========================================================================
Received Import Request.
  Time since last request: 0.000020 seconds.
  path: Assets/Scenes/platformer-pack-redux-360-assets/PNG/Enemies/fishGreen_dead.png
  artifactKey: Guid(77e74cf64d001ec48b64b115badc5fdf) Importer(815301076,1909f56bfc062723c751e8b465ee728b)
Start importing Assets/Scenes/platformer-pack-redux-360-assets/PNG/Enemies/fishGreen_dead.png using Guid(77e74cf64d001ec48b64b115badc5fdf) Importer(815301076,1909f56bfc062723c751e8b465ee728b)  -> (artifact id: 'a647d72f90cf4f9ebcb9d774185f4660') in 0.013787 seconds 
========================================================================
Received Import Request.
  Time since last request: 0.000022 seconds.
  path: Assets/Scenes/platformer-pack-redux-360-assets/PNG/Enemies/saw_dead.png
  artifactKey: Guid(e543d75f872a166428ef2fba4256b34d) Importer(815301076,1909f56bfc062723c751e8b465ee728b)
Start importing Assets/Scenes/platformer-pack-redux-360-assets/PNG/Enemies/saw_dead.png using Guid(e543d75f872a166428ef2fba4256b34d) Importer(815301076,1909f56bfc062723c751e8b465ee728b)  -> (artifact id: '741d5f4adf07875fcda0a70f7cd2209a') in 0.013769 seconds 
========================================================================
Received Import Request.
  Time since last request: 0.000022 seconds.
  path: Assets/Scenes/platformer-pack-redux-360-assets/PNG/Enemies/sawHalf_dead.png
  artifactKey: Guid(69ba97554564eef40bb7fdb4f0261ea3) Importer(815301076,1909f56bfc062723c751e8b465ee728b)
Start importing Assets/Scenes/platformer-pack-redux-360-assets/PNG/Enemies/sawHalf_dead.png using Guid(69ba97554564eef40bb7fdb4f0261ea3) Importer(815301076,1909f56bfc062723c751e8b465ee728b)  -> (artifact id: '9c0f136158bb14e2453d92190241db7b') in 0.014288 seconds 
========================================================================
Received Import Request.
  Time since last request: 0.000024 seconds.
  path: Assets/Scenes/platformer-pack-redux-360-assets/PNG/Enemies/slimeBlue.png
  artifactKey: Guid(e0466728526b1d842ae75c14838324e6) Importer(815301076,1909f56bfc062723c751e8b465ee728b)
Start importing Assets/Scenes/platformer-pack-redux-360-assets/PNG/Enemies/slimeBlue.png using Guid(e0466728526b1d842ae75c14838324e6) Importer(815301076,1909f56bfc062723c751e8b465ee728b)  -> (artifact id: 'e87bd9424d7de45b1d1919d2f5687789') in 0.015085 seconds 
========================================================================
Received Import Request.
  Time since last request: 0.000026 seconds.
  path: Assets/Scenes/platformer-pack-redux-360-assets/PNG/Enemies/mouse_move.png
  artifactKey: Guid(559c34018b6551740864ae1f18c2c392) Importer(815301076,1909f56bfc062723c751e8b465ee728b)
Start importing Assets/Scenes/platformer-pack-redux-360-assets/PNG/Enemies/mouse_move.png using Guid(559c34018b6551740864ae1f18c2c392) Importer(815301076,1909f56bfc062723c751e8b465ee728b)  -> (artifact id: 'b1c6621082b986b7c8c5c415c37e6c10') in 0.014549 seconds 
========================================================================
Received Import Request.
  Time since last request: 0.000023 seconds.
  path: Assets/Scenes/platformer-pack-redux-360-assets/PNG/Enemies/slimeGreen_dead.png
  artifactKey: Guid(fb9e3d5ed286c2d429134a06764ab30d) Importer(815301076,1909f56bfc062723c751e8b465ee728b)
Start importing Assets/Scenes/platformer-pack-redux-360-assets/PNG/Enemies/slimeGreen_dead.png using Guid(fb9e3d5ed286c2d429134a06764ab30d) Importer(815301076,1909f56bfc062723c751e8b465ee728b)  -> (artifact id: '9b382d3e49a5046f6e5e3fe542d33733') in 0.019501 seconds 
========================================================================
Received Import Request.
  Time since last request: 0.000160 seconds.
  path: Assets/Scenes/platformer-pack-redux-360-assets/PNG/Enemies/frog_dead.png
  artifactKey: Guid(ccb19fcfc1e0c5046b086a5eed1a39ed) Importer(815301076,1909f56bfc062723c751e8b465ee728b)
Start importing Assets/Scenes/platformer-pack-redux-360-assets/PNG/Enemies/frog_dead.png using Guid(ccb19fcfc1e0c5046b086a5eed1a39ed) Importer(815301076,1909f56bfc062723c751e8b465ee728b)  -> (artifact id: 'c56e465f4963107b8fc6166efb0b68be') in 0.019293 seconds 
========================================================================
Received Import Request.
  Time since last request: 0.000031 seconds.
  path: Assets/Scenes/platformer-pack-redux-360-assets/PNG/Enemies/fly_dead.png
  artifactKey: Guid(bb99780ad242f2a42bafd090f4d4c904) Importer(815301076,1909f56bfc062723c751e8b465ee728b)
Start importing Assets/Scenes/platformer-pack-redux-360-assets/PNG/Enemies/fly_dead.png using Guid(bb99780ad242f2a42bafd090f4d4c904) Importer(815301076,1909f56bfc062723c751e8b465ee728b)  -> (artifact id: '833d0ae4ab29ea89256f2da22ba35796') in 0.015794 seconds 
========================================================================
Received Import Request.
  Time since last request: 0.000031 seconds.
  path: Assets/Scenes/platformer-pack-redux-360-assets/PNG/Enemies/slimeBlue_move.png
  artifactKey: Guid(c03479d16cb503749994dd9fb2cb770e) Importer(815301076,1909f56bfc062723c751e8b465ee728b)
Start importing Assets/Scenes/platformer-pack-redux-360-assets/PNG/Enemies/slimeBlue_move.png using Guid(c03479d16cb503749994dd9fb2cb770e) Importer(815301076,1909f56bfc062723c751e8b465ee728b)  -> (artifact id: 'cb6dd977521caa2bf1c6b5852fe9a3a5') in 0.016782 seconds 
========================================================================
Received Import Request.
  Time since last request: 0.000039 seconds.
  path: Assets/Scenes/platformer-pack-redux-360-assets/PNG/Enemies/slimeBlock_move.png
  artifactKey: Guid(d6b0368e7748f0e438102f4f2f91364c) Importer(815301076,1909f56bfc062723c751e8b465ee728b)
Start importing Assets/Scenes/platformer-pack-redux-360-assets/PNG/Enemies/slimeBlock_move.png using Guid(d6b0368e7748f0e438102f4f2f91364c) Importer(815301076,1909f56bfc062723c751e8b465ee728b)  -> (artifact id: 'c1326e09d1ac13f288143fee308760ea') in 0.017260 seconds 
========================================================================
Received Import Request.
  Time since last request: 0.000025 seconds.
  path: Assets/Scenes/platformer-pack-redux-360-assets/PNG/Enemies/slimeBlue_dead.png
  artifactKey: Guid(61080f0c2f9ea3b4aaac982734cfeae5) Importer(815301076,1909f56bfc062723c751e8b465ee728b)
Start importing Assets/Scenes/platformer-pack-redux-360-assets/PNG/Enemies/slimeBlue_dead.png using Guid(61080f0c2f9ea3b4aaac982734cfeae5) Importer(815301076,1909f56bfc062723c751e8b465ee728b)  -> (artifact id: 'd153b4df471bee792d5dbe6df8a71dd1') in 0.017618 seconds 
========================================================================
Received Import Request.
  Time since last request: 0.000033 seconds.
  path: Assets/Scenes/platformer-pack-redux-360-assets/PNG/Enemies/fishPink_dead.png
  artifactKey: Guid(8f2d238248afa234aa61c7c1b2296b4a) Importer(815301076,1909f56bfc062723c751e8b465ee728b)
Start importing Assets/Scenes/platformer-pack-redux-360-assets/PNG/Enemies/fishPink_dead.png using Guid(8f2d238248afa234aa61c7c1b2296b4a) Importer(815301076,1909f56bfc062723c751e8b465ee728b)  -> (artifact id: 'edc6026005bcfcd489d1560b10464a3d') in 0.017254 seconds 
========================================================================
Received Import Request.
  Time since last request: 0.000027 seconds.
  path: Assets/Scenes/platformer-pack-redux-360-assets/PNG/Enemies/slimePurple.png
  artifactKey: Guid(2db9f8ef45f934a47a476f1fef9328e4) Importer(815301076,1909f56bfc062723c751e8b465ee728b)
Start importing Assets/Scenes/platformer-pack-redux-360-assets/PNG/Enemies/slimePurple.png using Guid(2db9f8ef45f934a47a476f1fef9328e4) Importer(815301076,1909f56bfc062723c751e8b465ee728b)  -> (artifact id: 'eb75bb75b9f01244140bef9e2cf946d7') in 0.016353 seconds 
========================================================================
Received Import Request.
  Time since last request: 0.000031 seconds.
  path: Assets/Scenes/platformer-pack-redux-360-assets/PNG/Enemies/slimeGreen.png
  artifactKey: Guid(54bcb73d909f543458299f31218e7a77) Importer(815301076,1909f56bfc062723c751e8b465ee728b)
Start importing Assets/Scenes/platformer-pack-redux-360-assets/PNG/Enemies/slimeGreen.png using Guid(54bcb73d909f543458299f31218e7a77) Importer(815301076,1909f56bfc062723c751e8b465ee728b)  -> (artifact id: 'b69e808a713b3e349bae676e869dc680') in 0.016540 seconds 
========================================================================
Received Import Request.
  Time since last request: 0.000032 seconds.
  path: Assets/Scenes/platformer-pack-redux-360-assets/PNG/Enemies/barnacle_dead.png
  artifactKey: Guid(5961ff6e93be0564eab5c9603dfee73a) Importer(815301076,1909f56bfc062723c751e8b465ee728b)
Start importing Assets/Scenes/platformer-pack-redux-360-assets/PNG/Enemies/barnacle_dead.png using Guid(5961ff6e93be0564eab5c9603dfee73a) Importer(815301076,1909f56bfc062723c751e8b465ee728b)  -> (artifact id: '05eaaf66e1dd82ff67f723f54125fed3') in 0.016347 seconds 
========================================================================
Received Import Request.
  Time since last request: 0.000032 seconds.
  path: Assets/Scenes/platformer-pack-redux-360-assets/PNG/Enemies/sawHalf_move.png
  artifactKey: Guid(5192e681e659a0d448a5e0593e024b96) Importer(815301076,1909f56bfc062723c751e8b465ee728b)
Start importing Assets/Scenes/platformer-pack-redux-360-assets/PNG/Enemies/sawHalf_move.png using Guid(5192e681e659a0d448a5e0593e024b96) Importer(815301076,1909f56bfc062723c751e8b465ee728b)  -> (artifact id: 'f437920d4df293a1792a4b58913029f9') in 0.017138 seconds 
========================================================================
Received Import Request.
  Time since last request: 0.000027 seconds.
  path: Assets/Scenes/platformer-pack-redux-360-assets/PNG/Enemies/fishBlue_fall.png
  artifactKey: Guid(a8eab9e86ca8370478f8a5ce3b0c6cf7) Importer(815301076,1909f56bfc062723c751e8b465ee728b)
Start importing Assets/Scenes/platformer-pack-redux-360-assets/PNG/Enemies/fishBlue_fall.png using Guid(a8eab9e86ca8370478f8a5ce3b0c6cf7) Importer(815301076,1909f56bfc062723c751e8b465ee728b)  -> (artifact id: '4b6ea1e01ae0a50a9a25e9f3768e52fe') in 0.017272 seconds 
========================================================================
Received Import Request.
  Time since last request: 0.000026 seconds.
  path: Assets/Scenes/platformer-pack-redux-360-assets/PNG/Enemies/slimeBlock.png
  artifactKey: Guid(7db22d48e9290904b8ae7dc011fcc3ac) Importer(815301076,1909f56bfc062723c751e8b465ee728b)
Start importing Assets/Scenes/platformer-pack-redux-360-assets/PNG/Enemies/slimeBlock.png using Guid(7db22d48e9290904b8ae7dc011fcc3ac) Importer(815301076,1909f56bfc062723c751e8b465ee728b)  -> (artifact id: '1aff7daf4dba21e8470f82bcf6e1b875') in 0.017050 seconds 
========================================================================
Received Import Request.
  Time since last request: 6.654072 seconds.
  path: Assets/Scenes/platformer-pack-redux-360-assets/PNG/Enemies/slimePurple_hit.png
  artifactKey: Guid(d95bf47e372f5ae4d94c071dc8afbb3f) Importer(815301076,1909f56bfc062723c751e8b465ee728b)
Start importing Assets/Scenes/platformer-pack-redux-360-assets/PNG/Enemies/slimePurple_hit.png using Guid(d95bf47e372f5ae4d94c071dc8afbb3f) Importer(815301076,1909f56bfc062723c751e8b465ee728b)  -> (artifact id: '4f724cca1b47683a7875370a584699f9') in 0.014538 seconds 
========================================================================
Received Import Request.
  Time since last request: 0.000026 seconds.
  path: Assets/Scenes/platformer-pack-redux-360-assets/PNG/Enemies/snail_move.png
  artifactKey: Guid(6141d9b2f0996a14497699672b374924) Importer(815301076,1909f56bfc062723c751e8b465ee728b)
Start importing Assets/Scenes/platformer-pack-redux-360-assets/PNG/Enemies/snail_move.png using Guid(6141d9b2f0996a14497699672b374924) Importer(815301076,1909f56bfc062723c751e8b465ee728b)  -> (artifact id: '10c98361e2a0f074ccc34debb7bee105') in 0.016273 seconds 
========================================================================
Received Import Request.
  Time since last request: 0.000025 seconds.
  path: Assets/Scenes/platformer-pack-redux-360-assets/PNG/Enemies/wormGreen_dead.png
  artifactKey: Guid(232d759f3d9b736429df9347d2c3da5a) Importer(815301076,1909f56bfc062723c751e8b465ee728b)
Start importing Assets/Scenes/platformer-pack-redux-360-assets/PNG/Enemies/wormGreen_dead.png using Guid(232d759f3d9b736429df9347d2c3da5a) Importer(815301076,1909f56bfc062723c751e8b465ee728b)  -> (artifact id: '5dfeffbf28c5395afd1222efcfa58b91') in 0.016881 seconds 
========================================================================
Received Import Request.
  Time since last request: 0.000036 seconds.
  path: Assets/Scenes/platformer-pack-redux-360-assets/PNG/Enemies/wormPink.png
  artifactKey: Guid(ca79b30f45b225d4d84d47d61160b70e) Importer(815301076,1909f56bfc062723c751e8b465ee728b)
Start importing Assets/Scenes/platformer-pack-redux-360-assets/PNG/Enemies/wormPink.png using Guid(ca79b30f45b225d4d84d47d61160b70e) Importer(815301076,1909f56bfc062723c751e8b465ee728b)  -> (artifact id: '274266d21e2d6bb3bb9bf52595684851') in 0.015933 seconds 
========================================================================
Received Import Request.
  Time since last request: 0.000047 seconds.
  path: Assets/Scenes/platformer-pack-redux-360-assets/PNG/Enemies/wormPink_dead.png
  artifactKey: Guid(82e3405cd2fa4d144b037908888fa66f) Importer(815301076,1909f56bfc062723c751e8b465ee728b)
Start importing Assets/Scenes/platformer-pack-redux-360-assets/PNG/Enemies/wormPink_dead.png using Guid(82e3405cd2fa4d144b037908888fa66f) Importer(815301076,1909f56bfc062723c751e8b465ee728b)  -> (artifact id: '257eea6f53a029de84786877ff62c1b3') in 0.016934 seconds 
Editor requested this worker to shutdown with reason: Scaling down because of idle timeout
AssetImportWorker is now disconnected from the server
Process exiting
Exiting without the bug reporter. Application will terminate with return code 0